<?xml version="1.0" encoding="utf-8"?><testsuites><testsuite errors="0" failures="0" hostname="966552181d7c" name="pytest" skipped="0" tests="2" time="2.786" timestamp="2025-07-13T19:15:47.891125"><testcase classname="tests.mobile.cross_platform.content_tests.TestSayThanksContentAdaptation" name="test_text_readability_mobile" time="1.405" /><testcase classname="tests.mobile.cross_platform.content_tests.TestSayThanksContentAdaptation" name="test_image_responsiveness" time="1.189" /></testsuite></testsuites>