<?xml version="1.0" encoding="utf-8"?><testsuites><testsuite errors="0" failures="0" hostname="966552181d7c" name="pytest" skipped="0" tests="2" time="67.516" timestamp="2025-07-13T19:15:59.320353"><testcase classname="tests.mobile.cross_platform.browser_tests.TestCrossBrowserMobile" name="test_chrome_mobile_compatibility" time="1.123" /><testcase classname="tests.mobile.cross_platform.browser_tests.TestCrossBrowserMobile" name="test_mobile_features_support" time="66.210" /></testsuite></testsuites>