<?xml version="1.0" encoding="utf-8"?><testsuites><testsuite errors="0" failures="0" hostname="966552181d7c" name="pytest" skipped="0" tests="3" time="9.039" timestamp="2025-07-13T19:15:34.955736"><testcase classname="tests.mobile.cross_platform.responsive_tests.TestSayThanksResponsive" name="test_homepage_mobile_layout" time="4.023" /><testcase classname="tests.mobile.cross_platform.responsive_tests.TestSayThanksResponsive" name="test_touch_target_sizes" time="3.804" /><testcase classname="tests.mobile.cross_platform.responsive_tests.TestSayThanksResponsive" name="test_viewport_meta_tag" time="1.033" /></testsuite></testsuites>