<?xml version="1.0" encoding="utf-8"?><testsuites><testsuite errors="0" failures="0" hostname="966552181d7c" name="pytest" skipped="0" tests="2" time="2.941" timestamp="2025-07-13T19:15:44.465416"><testcase classname="tests.mobile.cross_platform.touch_tests.TestSayThanksTouchInteractions" name="test_button_interactions" time="1.711" /><testcase classname="tests.mobile.cross_platform.touch_tests.TestSayThanksTouchInteractions" name="test_form_touch_interactions" time="1.035" /></testsuite></testsuites>